Fri Jan  9 18:03:48 2026       
+-----------------------------------------------------------------------------------------+
| NVIDIA-SMI 580.95.05              Driver Version: 580.95.05      CUDA Version: 13.0     |
+-----------------------------------------+------------------------+----------------------+
| GPU  Name                 Persistence-M | Bus-Id          Disp.A | Volatile Uncorr. ECC |
| Fan  Temp   Perf          Pwr:Usage/Cap |           Memory-Usage | GPU-Util  Compute M. |
|                                         |                        |               MIG M. |
|=========================================+========================+======================|
|   0  NVIDIA H100                    On  |   00000000:C6:00.0 Off |                    0 |
| N/A   33C    P0             66W /  700W |       0MiB /  95830MiB |      0%      Default |
|                                         |                        |             Disabled |
+-----------------------------------------+------------------------+----------------------+

+-----------------------------------------------------------------------------------------+
| Processes:                                                                              |
|  GPU   GI   CI              PID   Type   Process name                        GPU Memory |
|        ID   ID                                                               Usage      |
|=========================================================================================|
|  No running processes found                                                             |
+-----------------------------------------------------------------------------------------+
Loading model: LLaVA-v1.5
[FINISH]  /home/tchen1/workshop/datasets/meme/benchmark_extracted/94351_qa/94351_ToxicityAssessment_qa_e25047a5.jsonld
[FINISH]  /home/tchen1/workshop/datasets/meme/benchmark_extracted/48153_qa/48153_ToxicityAssessment_qa_1fdd65bb.jsonld
[FINISH]  /home/tchen1/workshop/datasets/meme/benchmark_extracted/84395_qa/84395_ToxicityAssessment_qa_47079ca9.jsonld
[FINISH]  /home/tchen1/workshop/datasets/meme/benchmark_extracted/95317_qa/95317_ToxicityAssessment_qa_0cff93fb.jsonld
[FINISH]  /home/tchen1/workshop/datasets/meme/benchmark_extracted/86453_qa/86453_ToxicityAssessment_qa_af9eaf45.jsonld
[FINISH]  /home/tchen1/workshop/datasets/meme/benchmark_extracted/39168_qa/39168_ToxicityAssessment_qa_6744e140.jsonld
[FINISH]  /home/tchen1/workshop/datasets/meme/benchmark_extracted/79385_qa/79385_ToxicityAssessment_qa_7c4ae557.jsonld
[FINISH]  /home/tchen1/workshop/datasets/meme/benchmark_extracted/10328_qa/10328_BackgroundKnowledge_qa_731157d1.jsonld
[FINISH]  /home/tchen1/workshop/datasets/meme/benchmark_extracted/10328_qa/10328_ToxicityAssessment_qa_10dcd41c.jsonld
[FINISH]  /home/tchen1/workshop/datasets/meme/benchmark_extracted/51607_qa/51607_ToxicityAssessment_qa_068f99b9.jsonld
[FINISH]  /home/tchen1/workshop/datasets/meme/benchmark_extracted/50723_qa/50723_ToxicityAssessment_qa_a9de67ec.jsonld
[FINISH]  /home/tchen1/workshop/datasets/meme/benchmark_extracted/90165_qa/90165_ToxicityAssessment_qa_ea7f87a0.jsonld
[FINISH]  /home/tchen1/workshop/datasets/meme/benchmark_extracted/91056_qa/91056_ToxicityAssessment_qa_410d45a6.jsonld
[FINISH]  /home/tchen1/workshop/datasets/meme/benchmark_extracted/86203_qa/86203_ToxicityAssessment_qa_c5dd218c.jsonld
[FINISH]  /home/tchen1/workshop/datasets/meme/benchmark_extracted/87096_qa/87096_ToxicityAssessment_qa_09e7f00b.jsonld
[FINISH]  /home/tchen1/workshop/datasets/meme/benchmark_extracted/23971_qa/23971_ToxicityAssessment_qa_6c04b5d8.jsonld
[FINISH]  /home/tchen1/workshop/datasets/meme/benchmark_extracted/93502_qa/93502_ToxicityAssessment_qa_b9ca76eb.jsonld
[FINISH]  /home/tchen1/workshop/datasets/meme/benchmark_extracted/94017_qa/94017_ToxicityAssessment_qa_3f4191a7.jsonld
[FINISH]  /home/tchen1/workshop/datasets/meme/benchmark_extracted/48507_qa/48507_ToxicityAssessment_qa_41b7e42a.jsonld
[FINISH]  /home/tchen1/workshop/datasets/meme/benchmark_extracted/84057_qa/84057_ToxicityAssessment_qa_89ba28e3.jsonld
[FINISH]  /home/tchen1/workshop/datasets/meme/benchmark_extracted/75462_qa/75462_ToxicityAssessment_qa_4141361c.jsonld
[FINISH]  /home/tchen1/workshop/datasets/meme/benchmark_extracted/23187_qa/23187_ToxicityAssessment_qa_df196963.jsonld
[FINISH]  /home/tchen1/workshop/datasets/meme/benchmark_extracted/41523_qa/41523_ToxicityAssessment_qa_2901401b.jsonld
[FINISH]  /home/tchen1/workshop/datasets/meme/benchmark_extracted/21850_qa/21850_ToxicityAssessment_qa_f05da4f8.jsonld
[FINISH]  /home/tchen1/workshop/datasets/meme/benchmark_extracted/08523_qa/08523_ToxicityAssessment_qa_ffaef38f.jsonld
[FINISH]  /home/tchen1/workshop/datasets/meme/benchmark_extracted/08523_qa/08523_VisualMaterial_qa_99cf5e17.jsonld
[FINISH]  /home/tchen1/workshop/datasets/meme/benchmark_extracted/23705_qa/23705_ToxicityAssessment_qa_6180de67.jsonld
[FINISH]  /home/tchen1/workshop/datasets/meme/benchmark_extracted/02974_qa/02974_VisualMaterial_qa_e52aef01.jsonld
[FINISH]  /home/tchen1/workshop/datasets/meme/benchmark_extracted/02974_qa/02974_ToxicityAssessment_qa_084363d1.jsonld
[FINISH]  /home/tchen1/workshop/datasets/meme/benchmark_extracted/89574_qa/89574_ToxicityAssessment_qa_6d235eab.jsonld
[FINISH]  /home/tchen1/workshop/datasets/meme/benchmark_extracted/89603_qa/89603_ToxicityAssessment_qa_0b2e13da.jsonld
[FINISH]  /home/tchen1/workshop/datasets/meme/benchmark_extracted/95763_qa/95763_ToxicityAssessment_qa_ee90a0ca.jsonld
[FINISH]  /home/tchen1/workshop/datasets/meme/benchmark_extracted/36597_qa/36597_ToxicityAssessment_qa_41e31972.jsonld
[FINISH]  /home/tchen1/workshop/datasets/meme/benchmark_extracted/04769_qa/04769_VisualMaterial_qa_f10bc568.jsonld
[FINISH]  /home/tchen1/workshop/datasets/meme/benchmark_extracted/04769_qa/04769_ToxicityAssessment_qa_79cf0bb2.jsonld
[FINISH]  /home/tchen1/workshop/datasets/meme/benchmark_extracted/90826_qa/90826_ToxicityAssessment_qa_297fb992.jsonld
[FINISH]  /home/tchen1/workshop/datasets/meme/benchmark_extracted/13096_qa/13096_BackgroundKnowledge_qa_a778234f.jsonld
[FINISH]  /home/tchen1/workshop/datasets/meme/benchmark_extracted/13096_qa/13096_ToxicityAssessment_qa_1cd01b69.jsonld
[FINISH]  /home/tchen1/workshop/datasets/meme/benchmark_extracted/76214_qa/76214_ToxicityAssessment_qa_f85b8f87.jsonld
[FINISH]  /home/tchen1/workshop/datasets/meme/benchmark_extracted/95718_qa/95718_ToxicityAssessment_qa_d5bd2506.jsonld
[FINISH]  /home/tchen1/workshop/datasets/meme/benchmark_extracted/24765_qa/24765_ToxicityAssessment_qa_3d0930d4.jsonld
[FINISH]  /home/tchen1/workshop/datasets/meme/benchmark_extracted/23415_qa/23415_ToxicityAssessment_qa_403cc52b.jsonld
[FINISH]  /home/tchen1/workshop/datasets/meme/benchmark_extracted/15062_qa/15062_ToxicityAssessment_qa_2c762d71.jsonld
[FINISH]  /home/tchen1/workshop/datasets/meme/benchmark_extracted/82301_qa/82301_ToxicityAssessment_qa_4aefc814.jsonld
[FINISH]  /home/tchen1/workshop/datasets/meme/benchmark_extracted/46831_qa/46831_ToxicityAssessment_qa_1f561306.jsonld
[FINISH]  /home/tchen1/workshop/datasets/meme/benchmark_extracted/79426_qa/79426_ToxicityAssessment_qa_0d9c0c5b.jsonld
[FINISH]  /home/tchen1/workshop/datasets/meme/benchmark_extracted/72356_qa/72356_ToxicityAssessment_qa_1f2d92c5.jsonld
[FINISH]  /home/tchen1/workshop/datasets/meme/benchmark_extracted/13769_qa/13769_ToxicityAssessment_qa_82390152.jsonld
[FINISH]  /home/tchen1/workshop/datasets/meme/benchmark_extracted/46895_qa/46895_ToxicityAssessment_qa_93cc293b.jsonld
[FINISH]  /home/tchen1/workshop/datasets/meme/benchmark_extracted/93174_qa/93174_ToxicityAssessment_qa_28e7f2e3.jsonld
[FINISH]  /home/tchen1/workshop/datasets/meme/benchmark_extracted/02519_qa/02519_ToxicityAssessment_qa_4d7c3225.jsonld
[FINISH]  /home/tchen1/workshop/datasets/meme/benchmark_extracted/84502_qa/84502_ToxicityAssessment_qa_f209b9cb.jsonld
[FINISH]  /home/tchen1/workshop/datasets/meme/benchmark_extracted/83271_qa/83271_ToxicityAssessment_qa_240dd048.jsonld
[FINISH]  /home/tchen1/workshop/datasets/meme/benchmark_extracted/42783_qa/42783_ToxicityAssessment_qa_e02a30bc.jsonld
[FINISH]  /home/tchen1/workshop/datasets/meme/benchmark_extracted/87196_qa/87196_ToxicityAssessment_qa_2cd7f607.jsonld
[FINISH]  /home/tchen1/workshop/datasets/meme/benchmark_extracted/98723_qa/98723_ToxicityAssessment_qa_83c9e472.jsonld
[FINISH]  /home/tchen1/workshop/datasets/meme/benchmark_extracted/37298_qa/37298_ToxicityAssessment_qa_81d6efb8.jsonld
[FINISH]  /home/tchen1/workshop/datasets/meme/benchmark_extracted/39067_qa/39067_ToxicityAssessment_qa_d750d10e.jsonld
[FINISH]  /home/tchen1/workshop/datasets/meme/benchmark_extracted/59462_qa/59462_ToxicityAssessment_qa_536befae.jsonld
[FINISH]  /home/tchen1/workshop/datasets/meme/benchmark_extracted/98072_qa/98072_ToxicityAssessment_qa_34023cef.jsonld
[FINISH]  /home/tchen1/workshop/datasets/meme/benchmark_extracted/47926_qa/47926_ToxicityAssessment_qa_5ea1f184.jsonld
[FINISH]  /home/tchen1/workshop/datasets/meme/benchmark_extracted/59714_qa/59714_ToxicityAssessment_qa_d2c6809e.jsonld
[FINISH]  /home/tchen1/workshop/datasets/meme/benchmark_extracted/13964_qa/13964_ToxicityAssessment_qa_08a4b266.jsonld
[FINISH]  /home/tchen1/workshop/datasets/meme/benchmark_extracted/47180_qa/47180_ToxicityAssessment_qa_ced7d437.jsonld
[FINISH]  /home/tchen1/workshop/datasets/meme/benchmark_extracted/38071_qa/38071_ToxicityAssessment_qa_8d9ccf12.jsonld
[FINISH]  /home/tchen1/workshop/datasets/meme/benchmark_extracted/64890_qa/64890_ToxicityAssessment_qa_a5a59bec.jsonld
[FINISH]  /home/tchen1/workshop/datasets/meme/benchmark_extracted/58974_qa/58974_ToxicityAssessment_qa_c50df09c.jsonld
[FINISH]  /home/tchen1/workshop/datasets/meme/benchmark_extracted/06714_qa/06714_ToxicityAssessment_qa_fa7cd31c.jsonld
[FINISH]  /home/tchen1/workshop/datasets/meme/benchmark_extracted/06714_qa/06714_BackgroundKnowledge_qa_5d91e9f1.jsonld
[FINISH]  /home/tchen1/workshop/datasets/meme/benchmark_extracted/91245_qa/91245_ToxicityAssessment_qa_e8925a8b.jsonld
[FINISH]  /home/tchen1/workshop/datasets/meme/benchmark_extracted/10682_qa/10682_BackgroundKnowledge_qa_ac8148e4.jsonld
[FINISH]  /home/tchen1/workshop/datasets/meme/benchmark_extracted/10682_qa/10682_ToxicityAssessment_qa_fd1fd6c1.jsonld
[FINISH]  /home/tchen1/workshop/datasets/meme/benchmark_extracted/83965_qa/83965_ToxicityAssessment_qa_f256a90c.jsonld
[FINISH]  /home/tchen1/workshop/datasets/meme/benchmark_extracted/79845_qa/79845_ToxicityAssessment_qa_6c1c0e02.jsonld
[FINISH]  /home/tchen1/workshop/datasets/meme/benchmark_extracted/75349_qa/75349_ToxicityAssessment_qa_6b7ca838.jsonld
[FINISH]  /home/tchen1/workshop/datasets/meme/benchmark_extracted/46082_qa/46082_ToxicityAssessment_qa_1a1d0d25.jsonld
[FINISH]  /home/tchen1/workshop/datasets/meme/benchmark_extracted/20867_qa/20867_Scene_qa_51f98ace.jsonld
[FINISH]  /home/tchen1/workshop/datasets/meme/benchmark_extracted/20867_qa/20867_ToxicityAssessment_qa_8fbd7a74.jsonld
[FINISH]  /home/tchen1/workshop/datasets/meme/benchmark_extracted/96821_qa/96821_ToxicityAssessment_qa_c30522d1.jsonld
[FINISH]  /home/tchen1/workshop/datasets/meme/benchmark_extracted/97438_qa/97438_ToxicityAssessment_qa_f6d9f53c.jsonld
[FINISH]  /home/tchen1/workshop/datasets/meme/benchmark_extracted/87451_qa/87451_ToxicityAssessment_qa_0880dd86.jsonld
[FINISH]  /home/tchen1/workshop/datasets/meme/benchmark_extracted/13086_qa/13086_ToxicityAssessment_qa_d71a3a0a.jsonld
[FINISH]  /home/tchen1/workshop/datasets/meme/benchmark_extracted/13086_qa/13086_BackgroundKnowledge_qa_20d4db83.jsonld
[FINISH]  /home/tchen1/workshop/datasets/meme/benchmark_extracted/08964_qa/08964_ToxicityAssessment_qa_d815798c.jsonld
[FINISH]  /home/tchen1/workshop/datasets/meme/benchmark_extracted/08964_qa/08964_VisualMaterial_qa_1138e2c9.jsonld
[FINISH]  /home/tchen1/workshop/datasets/meme/benchmark_extracted/98163_qa/98163_ToxicityAssessment_qa_11e477de.jsonld
[FINISH]  /home/tchen1/workshop/datasets/meme/benchmark_extracted/86021_qa/86021_ToxicityAssessment_qa_d785e345.jsonld
[FINISH]  /home/tchen1/workshop/datasets/meme/benchmark_extracted/96034_qa/96034_ToxicityAssessment_qa_381a66fe.jsonld
[FINISH]  /home/tchen1/workshop/datasets/meme/benchmark_extracted/13945_qa/13945_ToxicityAssessment_qa_31842a9a.jsonld
[FINISH]  /home/tchen1/workshop/datasets/meme/benchmark_extracted/61873_qa/61873_ToxicityAssessment_qa_a800e3bd.jsonld
[FINISH]  /home/tchen1/workshop/datasets/meme/benchmark_extracted/52304_qa/52304_ToxicityAssessment_qa_67018f8f.jsonld
[FINISH]  /home/tchen1/workshop/datasets/meme/benchmark_extracted/01672_qa/01672_ToxicityAssessment_qa_5786722b.jsonld
[FINISH]  /home/tchen1/workshop/datasets/meme/benchmark_extracted/46953_qa/46953_ToxicityAssessment_qa_03ffddf3.jsonld
[FINISH]  /home/tchen1/workshop/datasets/meme/benchmark_extracted/37928_qa/37928_ToxicityAssessment_qa_ad59ab29.jsonld
[FINISH]  /home/tchen1/workshop/datasets/meme/benchmark_extracted/20715_qa/20715_ToxicityAssessment_qa_9cdbb73d.jsonld
[FINISH]  /home/tchen1/workshop/datasets/meme/benchmark_extracted/52394_qa/52394_ToxicityAssessment_qa_5060cf70.jsonld
[FINISH]  /home/tchen1/workshop/datasets/meme/benchmark_extracted/89153_qa/89153_ToxicityAssessment_qa_3b543bce.jsonld
[FINISH]  /home/tchen1/workshop/datasets/meme/benchmark_extracted/76358_qa/76358_ToxicityAssessment_qa_a310b5c2.jsonld
[FINISH]  /home/tchen1/workshop/datasets/meme/benchmark_extracted/86540_qa/86540_ToxicityAssessment_qa_41efbaa0.jsonld
[FINISH]  /home/tchen1/workshop/datasets/meme/benchmark_extracted/25493_qa/25493_ToxicityAssessment_qa_8308f821.jsonld
[FINISH]  /home/tchen1/workshop/datasets/meme/benchmark_extracted/60913_qa/60913_ToxicityAssessment_qa_84c6006e.jsonld
[FINISH]  /home/tchen1/workshop/datasets/meme/benchmark_extracted/05264_qa/05264_TextualMaterial_qa_64a5df3e.jsonld
[FINISH]  /home/tchen1/workshop/datasets/meme/benchmark_extracted/05264_qa/05264_ToxicityAssessment_qa_c6c221ec.jsonld
[FINISH]  /home/tchen1/workshop/datasets/meme/benchmark_extracted/02674_qa/02674_ToxicityAssessment_qa_e37804e8.jsonld
[FINISH]  /home/tchen1/workshop/datasets/meme/benchmark_extracted/02674_qa/02674_Scene_qa_f3f8b46a.jsonld
[FINISH]  /home/tchen1/workshop/datasets/meme/benchmark_extracted/24783_qa/24783_ToxicityAssessment_qa_95f37cf1.jsonld
[FINISH]  /home/tchen1/workshop/datasets/meme/benchmark_extracted/15037_qa/15037_ToxicityAssessment_qa_ffe27851.jsonld
[FINISH]  /home/tchen1/workshop/datasets/meme/benchmark_extracted/04597_qa/04597_ToxicityAssessment_qa_96f659c3.jsonld
[FINISH]  /home/tchen1/workshop/datasets/meme/benchmark_extracted/04597_qa/04597_TextualMaterial_qa_8c12ee1a.jsonld
[FINISH]  /home/tchen1/workshop/datasets/meme/benchmark_extracted/97256_qa/97256_ToxicityAssessment_qa_72b33572.jsonld
[FINISH]  /home/tchen1/workshop/datasets/meme/benchmark_extracted/90186_qa/90186_ToxicityAssessment_qa_119523c0.jsonld
[FINISH]  /home/tchen1/workshop/datasets/meme/benchmark_extracted/82379_qa/82379_ToxicityAssessment_qa_3697bd12.jsonld
[FINISH]  /home/tchen1/workshop/datasets/meme/benchmark_extracted/23047_qa/23047_ToxicityAssessment_qa_cbcad39b.jsonld
[FINISH]  /home/tchen1/workshop/datasets/meme/benchmark_extracted/71635_qa/71635_ToxicityAssessment_qa_0c2d3bfc.jsonld
[FINISH]  /home/tchen1/workshop/datasets/meme/benchmark_extracted/15948_qa/15948_ToxicityAssessment_qa_14a56f45.jsonld
[FINISH]  /home/tchen1/workshop/datasets/meme/benchmark_extracted/47605_qa/47605_ToxicityAssessment_qa_54284d65.jsonld
[FINISH]  /home/tchen1/workshop/datasets/meme/benchmark_extracted/26741_qa/26741_ToxicityAssessment_qa_71902f80.jsonld
[FINISH]  /home/tchen1/workshop/datasets/meme/benchmark_extracted/49527_qa/49527_ToxicityAssessment_qa_3531e5cc.jsonld
[FINISH]  /home/tchen1/workshop/datasets/meme/benchmark_extracted/13492_qa/13492_ToxicityAssessment_qa_6abdb62d.jsonld
[FINISH]  /home/tchen1/workshop/datasets/meme/benchmark_extracted/71562_qa/71562_ToxicityAssessment_qa_b4fdf913.jsonld
[FINISH]  /home/tchen1/workshop/datasets/meme/benchmark_extracted/15806_qa/15806_ToxicityAssessment_qa_02562314.jsonld
[FINISH]  /home/tchen1/workshop/datasets/meme/benchmark_extracted/85012_qa/85012_ToxicityAssessment_qa_e4abc3a9.jsonld
[FINISH]  /home/tchen1/workshop/datasets/meme/benchmark_extracted/93280_qa/93280_ToxicityAssessment_qa_bc1b1549.jsonld
[FINISH]  /home/tchen1/workshop/datasets/meme/benchmark_extracted/16407_qa/16407_TextualMaterial_qa_f74c32dd.jsonld
[FINISH]  /home/tchen1/workshop/datasets/meme/benchmark_extracted/16407_qa/16407_ToxicityAssessment_qa_9c255304.jsonld
[FINISH]  /home/tchen1/workshop/datasets/meme/benchmark_extracted/10384_qa/10384_Scene_qa_a3838e38.jsonld
[FINISH]  /home/tchen1/workshop/datasets/meme/benchmark_extracted/10384_qa/10384_ToxicityAssessment_qa_47cdbaf0.jsonld
[FINISH]  /home/tchen1/workshop/datasets/meme/benchmark_extracted/71892_qa/71892_ToxicityAssessment_qa_bd7c1cec.jsonld
[FINISH]  /home/tchen1/workshop/datasets/meme/benchmark_extracted/69804_qa/69804_ToxicityAssessment_qa_83e7bd11.jsonld
[FINISH]  /home/tchen1/workshop/datasets/meme/benchmark_extracted/93087_qa/93087_ToxicityAssessment_qa_100a41af.jsonld
[FINISH]  /home/tchen1/workshop/datasets/meme/benchmark_extracted/87120_qa/87120_ToxicityAssessment_qa_5773cadc.jsonld
[FINISH]  /home/tchen1/workshop/datasets/meme/benchmark_extracted/07396_qa/07396_ToxicityAssessment_qa_2f4fc19a.jsonld
[FINISH]  /home/tchen1/workshop/datasets/meme/benchmark_extracted/89140_qa/89140_ToxicityAssessment_qa_cfcf1bc5.jsonld
[FINISH]  /home/tchen1/workshop/datasets/meme/benchmark_extracted/89367_qa/89367_ToxicityAssessment_qa_4a7ac6c8.jsonld
[FINISH]  /home/tchen1/workshop/datasets/meme/benchmark_extracted/93728_qa/93728_ToxicityAssessment_qa_1c897efd.jsonld
[FINISH]  /home/tchen1/workshop/datasets/meme/benchmark_extracted/48021_qa/48021_ToxicityAssessment_qa_3ab71d69.jsonld
[FINISH]  /home/tchen1/workshop/datasets/meme/benchmark_extracted/07516_qa/07516_BackgroundKnowledge_qa_c4537fcc.jsonld
[FINISH]  /home/tchen1/workshop/datasets/meme/benchmark_extracted/07516_qa/07516_ToxicityAssessment_qa_6596c741.jsonld
[FINISH]  /home/tchen1/workshop/datasets/meme/benchmark_extracted/71920_qa/71920_ToxicityAssessment_qa_60119e52.jsonld
[FINISH]  /home/tchen1/workshop/datasets/meme/benchmark_extracted/70829_qa/70829_ToxicityAssessment_qa_8e117787.jsonld
[FINISH]  /home/tchen1/workshop/datasets/meme/benchmark_extracted/05726_qa/05726_ToxicityAssessment_qa_6b5ce155.jsonld
[FINISH]  /home/tchen1/workshop/datasets/meme/benchmark_extracted/80672_qa/80672_ToxicityAssessment_qa_92a6bfdc.jsonld
[FINISH]  /home/tchen1/workshop/datasets/meme/benchmark_extracted/43506_qa/43506_ToxicityAssessment_qa_b4061207.jsonld
[FINISH]  /home/tchen1/workshop/datasets/meme/benchmark_extracted/15647_qa/15647_ToxicityAssessment_qa_874c6b88.jsonld
[FINISH]  /home/tchen1/workshop/datasets/meme/benchmark_extracted/15872_qa/15872_ToxicityAssessment_qa_9cd5ac83.jsonld
[FINISH]  /home/tchen1/workshop/datasets/meme/benchmark_extracted/08349_qa/08349_ToxicityAssessment_qa_57d78fd3.jsonld
[FINISH]  /home/tchen1/workshop/datasets/meme/benchmark_extracted/68094_qa/68094_ToxicityAssessment_qa_317478a0.jsonld
[FINISH]  /home/tchen1/workshop/datasets/meme/benchmark_extracted/24835_qa/24835_ToxicityAssessment_qa_3f41e41f.jsonld
[FINISH]  /home/tchen1/workshop/datasets/meme/benchmark_extracted/67051_qa/67051_ToxicityAssessment_qa_b7b1ac25.jsonld
[FINISH]  /home/tchen1/workshop/datasets/meme/benchmark_extracted/90247_qa/90247_ToxicityAssessment_qa_a04724bb.jsonld
[FINISH]  /home/tchen1/workshop/datasets/meme/benchmark_extracted/47905_qa/47905_ToxicityAssessment_qa_db329ee8.jsonld
[FINISH]  /home/tchen1/workshop/datasets/meme/benchmark_extracted/41376_qa/41376_ToxicityAssessment_qa_a57922b8.jsonld
[FINISH]  /home/tchen1/workshop/datasets/meme/benchmark_extracted/28435_qa/28435_ToxicityAssessment_qa_9e87de4f.jsonld
[FINISH]  /home/tchen1/workshop/datasets/meme/benchmark_extracted/78132_qa/78132_ToxicityAssessment_qa_478e620a.jsonld
[FINISH]  /home/tchen1/workshop/datasets/meme/benchmark_extracted/47589_qa/47589_ToxicityAssessment_qa_71be2a3c.jsonld
[FINISH]  /home/tchen1/workshop/datasets/meme/benchmark_extracted/85472_qa/85472_ToxicityAssessment_qa_c5847a72.jsonld
[FINISH]  /home/tchen1/workshop/datasets/meme/benchmark_extracted/93618_qa/93618_ToxicityAssessment_qa_1bd63337.jsonld
[FINISH]  /home/tchen1/workshop/datasets/meme/benchmark_extracted/52140_qa/52140_ToxicityAssessment_qa_7c05696a.jsonld
[FINISH]  /home/tchen1/workshop/datasets/meme/benchmark_extracted/89542_qa/89542_ToxicityAssessment_qa_cd92d531.jsonld
[FINISH]  /home/tchen1/workshop/datasets/meme/benchmark_extracted/86504_qa/86504_ToxicityAssessment_qa_54b78b7d.jsonld
[FINISH]  /home/tchen1/workshop/datasets/meme/benchmark_extracted/91340_qa/91340_ToxicityAssessment_qa_ec737526.jsonld
[FINISH]  /home/tchen1/workshop/datasets/meme/benchmark_extracted/98457_qa/98457_ToxicityAssessment_qa_624a1ace.jsonld
[FINISH]  /home/tchen1/workshop/datasets/meme/benchmark_extracted/23570_qa/23570_ToxicityAssessment_qa_b269cb6d.jsonld
[FINISH]  /home/tchen1/workshop/datasets/meme/benchmark_extracted/14397_qa/14397_VisualMaterial_qa_b8905eda.jsonld
[FINISH]  /home/tchen1/workshop/datasets/meme/benchmark_extracted/14397_qa/14397_ToxicityAssessment_qa_281b1366.jsonld
[FINISH]  /home/tchen1/workshop/datasets/meme/benchmark_extracted/15238_qa/15238_ToxicityAssessment_qa_07a69c24.jsonld
[FINISH]  /home/tchen1/workshop/datasets/meme/benchmark_extracted/86354_qa/86354_ToxicityAssessment_qa_b4d61154.jsonld
[FINISH]  /home/tchen1/workshop/datasets/meme/benchmark_extracted/40716_qa/40716_ToxicityAssessment_qa_10e439e3.jsonld
[FINISH]  /home/tchen1/workshop/datasets/meme/benchmark_extracted/05864_qa/05864_ToxicityAssessment_qa_723404d9.jsonld
[FINISH]  /home/tchen1/workshop/datasets/meme/benchmark_extracted/05864_qa/05864_OverallIntent_qa_d352afbb.jsonld
[FINISH]  /home/tchen1/workshop/datasets/meme/benchmark_extracted/96153_qa/96153_ToxicityAssessment_qa_4a25ed89.jsonld
[FINISH]  /home/tchen1/workshop/datasets/meme/benchmark_extracted/86417_qa/86417_ToxicityAssessment_qa_457e1e23.jsonld
[FINISH]  /home/tchen1/workshop/datasets/meme/benchmark_extracted/10748_qa/10748_ToxicityAssessment_qa_bd5b40bb.jsonld
[FINISH]  /home/tchen1/workshop/datasets/meme/benchmark_extracted/10748_qa/10748_VisualMaterial_qa_7711e021.jsonld
[FINISH]  /home/tchen1/workshop/datasets/meme/benchmark_extracted/97184_qa/97184_ToxicityAssessment_qa_90573d7f.jsonld
[FINISH]  /home/tchen1/workshop/datasets/meme/benchmark_extracted/05869_qa/05869_TextualMaterial_qa_0989717d.jsonld
[FINISH]  /home/tchen1/workshop/datasets/meme/benchmark_extracted/05869_qa/05869_ToxicityAssessment_qa_d1a87c55.jsonld
[FINISH]  /home/tchen1/workshop/datasets/meme/benchmark_extracted/38756_qa/38756_ToxicityAssessment_qa_f20143de.jsonld
[FINISH]  /home/tchen1/workshop/datasets/meme/benchmark_extracted/14690_qa/14690_ToxicityAssessment_qa_21a08383.jsonld
[FINISH]  /home/tchen1/workshop/datasets/meme/benchmark_extracted/81207_qa/81207_ToxicityAssessment_qa_abec37ed.jsonld
[FINISH]  /home/tchen1/workshop/datasets/meme/benchmark_extracted/25193_qa/25193_ToxicityAssessment_qa_e58ba885.jsonld
[FINISH]  /home/tchen1/workshop/datasets/meme/benchmark_extracted/58672_qa/58672_ToxicityAssessment_qa_3df96f94.jsonld
[FINISH]  /home/tchen1/workshop/datasets/meme/benchmark_extracted/94081_qa/94081_ToxicityAssessment_qa_f8a1a20f.jsonld
[FINISH]  /home/tchen1/workshop/datasets/meme/benchmark_extracted/41268_qa/41268_ToxicityAssessment_qa_282ecd38.jsonld
[FINISH]  /home/tchen1/workshop/datasets/meme/benchmark_extracted/18406_qa/18406_ToxicityAssessment_qa_5259a71a.jsonld
[FINISH]  /home/tchen1/workshop/datasets/meme/benchmark_extracted/41387_qa/41387_ToxicityAssessment_qa_9d354693.jsonld
[FINISH]  /home/tchen1/workshop/datasets/meme/benchmark_extracted/39816_qa/39816_ToxicityAssessment_qa_5f723ae7.jsonld
[FINISH]  /home/tchen1/workshop/datasets/meme/benchmark_extracted/23140_qa/23140_ToxicityAssessment_qa_ca036680.jsonld
[FINISH]  /home/tchen1/workshop/datasets/meme/benchmark_extracted/51046_qa/51046_ToxicityAssessment_qa_79469c0e.jsonld
[FINISH]  /home/tchen1/workshop/datasets/meme/benchmark_extracted/09273_qa/09273_TextualMaterial_qa_a7a266da.jsonld
[FINISH]  /home/tchen1/workshop/datasets/meme/benchmark_extracted/09273_qa/09273_ToxicityAssessment_qa_33a762ab.jsonld
[FINISH]  /home/tchen1/workshop/datasets/meme/benchmark_extracted/13675_qa/13675_ToxicityAssessment_qa_d544abf0.jsonld
[FINISH]  /home/tchen1/workshop/datasets/meme/benchmark_extracted/75438_qa/75438_ToxicityAssessment_qa_3ed75fd5.jsonld
[FINISH]  /home/tchen1/workshop/datasets/meme/benchmark_extracted/15734_qa/15734_ToxicityAssessment_qa_75355749.jsonld
[FINISH]  /home/tchen1/workshop/datasets/meme/benchmark_extracted/46952_qa/46952_ToxicityAssessment_qa_5ce4b178.jsonld
[FINISH]  /home/tchen1/workshop/datasets/meme/benchmark_extracted/60439_qa/60439_ToxicityAssessment_qa_ff27b628.jsonld
[FINISH]  /home/tchen1/workshop/datasets/meme/benchmark_extracted/15473_qa/15473_ToxicityAssessment_qa_b0bb03a5.jsonld
[FINISH]  /home/tchen1/workshop/datasets/meme/benchmark_extracted/01627_qa/01627_TextualMaterial_qa_37c9a4bc.jsonld
[FINISH]  /home/tchen1/workshop/datasets/meme/benchmark_extracted/01627_qa/01627_ToxicityAssessment_qa_6d80c25b.jsonld
[FINISH]  /home/tchen1/workshop/datasets/meme/benchmark_extracted/83547_qa/83547_ToxicityAssessment_qa_3f204b0e.jsonld
[FINISH]  /home/tchen1/workshop/datasets/meme/benchmark_extracted/40259_qa/40259_ToxicityAssessment_qa_f5a5efaa.jsonld
[FINISH]  /home/tchen1/workshop/datasets/meme/benchmark_extracted/49805_qa/49805_ToxicityAssessment_qa_09d398ff.jsonld
[FINISH]  /home/tchen1/workshop/datasets/meme/benchmark_extracted/89632_qa/89632_ToxicityAssessment_qa_0b0ebb1e.jsonld
[FINISH]  /home/tchen1/workshop/datasets/meme/benchmark_extracted/09315_qa/09315_ToxicityAssessment_qa_db46ab74.jsonld
[FINISH]  /home/tchen1/workshop/datasets/meme/benchmark_extracted/09315_qa/09315_OverallIntent_qa_fdfc8e1a.jsonld
[FINISH]  /home/tchen1/workshop/datasets/meme/benchmark_extracted/76850_qa/76850_ToxicityAssessment_qa_e4e9b9dc.jsonld
[FINISH]  /home/tchen1/workshop/datasets/meme/benchmark_extracted/95843_qa/95843_ToxicityAssessment_qa_1f0aa9e8.jsonld
[FINISH]  /home/tchen1/workshop/datasets/meme/benchmark_extracted/47530_qa/47530_ToxicityAssessment_qa_6ec447b0.jsonld
[FINISH]  /home/tchen1/workshop/datasets/meme/benchmark_extracted/50617_qa/50617_ToxicityAssessment_qa_7b054510.jsonld
[FINISH]  /home/tchen1/workshop/datasets/meme/benchmark_extracted/86730_qa/86730_ToxicityAssessment_qa_bbb092a8.jsonld
[FINISH]  /home/tchen1/workshop/datasets/meme/benchmark_extracted/86509_qa/86509_ToxicityAssessment_qa_6a48b792.jsonld
[FINISH]  /home/tchen1/workshop/datasets/meme/benchmark_extracted/89324_qa/89324_ToxicityAssessment_qa_f617071b.jsonld
[FINISH]  /home/tchen1/workshop/datasets/meme/benchmark_extracted/85146_qa/85146_ToxicityAssessment_qa_975ba0ac.jsonld
[FINISH]  /home/tchen1/workshop/datasets/meme/benchmark_extracted/47012_qa/47012_ToxicityAssessment_qa_e46d198a.jsonld
[FINISH]  /home/tchen1/workshop/datasets/meme/benchmark_extracted/90582_qa/90582_ToxicityAssessment_qa_32937d4c.jsonld
[FINISH]  /home/tchen1/workshop/datasets/meme/benchmark_extracted/47612_qa/47612_ToxicityAssessment_qa_46d520c8.jsonld
[FINISH]  /home/tchen1/workshop/datasets/meme/benchmark_extracted/86357_qa/86357_ToxicityAssessment_qa_4e6fbfa1.jsonld
[FINISH]  /home/tchen1/workshop/datasets/meme/benchmark_extracted/06378_qa/06378_VisualMaterial_qa_ebcefc22.jsonld
[FINISH]  /home/tchen1/workshop/datasets/meme/benchmark_extracted/06378_qa/06378_ToxicityAssessment_qa_b5c44fd3.jsonld
[FINISH]  /home/tchen1/workshop/datasets/meme/benchmark_extracted/80576_qa/80576_ToxicityAssessment_qa_25be55f5.jsonld
[FINISH]  /home/tchen1/workshop/datasets/meme/benchmark_extracted/95801_qa/95801_ToxicityAssessment_qa_29cf68f9.jsonld
[FINISH]  /home/tchen1/workshop/datasets/meme/benchmark_extracted/98215_qa/98215_ToxicityAssessment_qa_2dca384d.jsonld
[FINISH]  /home/tchen1/workshop/datasets/meme/benchmark_extracted/78095_qa/78095_ToxicityAssessment_qa_2b9cc27b.jsonld
[FINISH]  /home/tchen1/workshop/datasets/meme/benchmark_extracted/80974_qa/80974_ToxicityAssessment_qa_82db7ff8.jsonld
[FINISH]  /home/tchen1/workshop/datasets/meme/benchmark_extracted/60893_qa/60893_ToxicityAssessment_qa_841fd779.jsonld
[FINISH]  /home/tchen1/workshop/datasets/meme/benchmark_extracted/13570_qa/13570_OverallIntent_qa_dd5453b3.jsonld
[FINISH]  /home/tchen1/workshop/datasets/meme/benchmark_extracted/13570_qa/13570_ToxicityAssessment_qa_15c1b953.jsonld
[FINISH]  /home/tchen1/workshop/datasets/meme/benchmark_extracted/75340_qa/75340_ToxicityAssessment_qa_04b374bc.jsonld
[FINISH]  /home/tchen1/workshop/datasets/meme/benchmark_extracted/41650_qa/41650_ToxicityAssessment_qa_cf19502c.jsonld
[FINISH]  /home/tchen1/workshop/datasets/meme/benchmark_extracted/83964_qa/83964_ToxicityAssessment_qa_d19d20d4.jsonld
[FINISH]  /home/tchen1/workshop/datasets/meme/benchmark_extracted/86314_qa/86314_ToxicityAssessment_qa_c32f257d.jsonld
[FINISH]  /home/tchen1/workshop/datasets/meme/benchmark_extracted/57890_qa/57890_ToxicityAssessment_qa_02d481d6.jsonld
[FINISH]  /home/tchen1/workshop/datasets/meme/benchmark_extracted/85970_qa/85970_ToxicityAssessment_qa_aa411a94.jsonld
[FINISH]  /home/tchen1/workshop/datasets/meme/benchmark_extracted/71680_qa/71680_ToxicityAssessment_qa_44aaf79d.jsonld
[FINISH]  /home/tchen1/workshop/datasets/meme/benchmark_extracted/13270_qa/13270_ToxicityAssessment_qa_6a134dc5.jsonld
[FINISH]  /home/tchen1/workshop/datasets/meme/benchmark_extracted/68307_qa/68307_ToxicityAssessment_qa_0a44f611.jsonld
[FINISH]  /home/tchen1/workshop/datasets/meme/benchmark_extracted/21950_qa/21950_Scene_qa_6f5d0260.jsonld
[FINISH]  /home/tchen1/workshop/datasets/meme/benchmark_extracted/21950_qa/21950_ToxicityAssessment_qa_d6c68431.jsonld
[FINISH]  /home/tchen1/workshop/datasets/meme/benchmark_extracted/16927_qa/16927_ToxicityAssessment_qa_7e2e5796.jsonld
[FINISH]  /home/tchen1/workshop/datasets/meme/benchmark_extracted/60329_qa/60329_ToxicityAssessment_qa_74795c85.jsonld
[FINISH]  /home/tchen1/workshop/datasets/meme/benchmark_extracted/04621_qa/04621_Scene_qa_2cacf94e.jsonld
[FINISH]  /home/tchen1/workshop/datasets/meme/benchmark_extracted/04621_qa/04621_ToxicityAssessment_qa_b0932c86.jsonld
[FINISH]  /home/tchen1/workshop/datasets/meme/benchmark_extracted/86597_qa/86597_ToxicityAssessment_qa_005d1bbe.jsonld
[FINISH]  /home/tchen1/workshop/datasets/meme/benchmark_extracted/86437_qa/86437_ToxicityAssessment_qa_81c61a2f.jsonld
[FINISH]  /home/tchen1/workshop/datasets/meme/benchmark_extracted/02158_qa/02158_VisualMaterial_qa_bf601ecf.jsonld
[FINISH]  /home/tchen1/workshop/datasets/meme/benchmark_extracted/02158_qa/02158_ToxicityAssessment_qa_297c86d7.jsonld
[FINISH]  /home/tchen1/workshop/datasets/meme/benchmark_extracted/98720_qa/98720_ToxicityAssessment_qa_8b2e51c2.jsonld
[FINISH]  /home/tchen1/workshop/datasets/meme/benchmark_extracted/24905_qa/24905_ToxicityAssessment_qa_4c9a83ea.jsonld
[FINISH]  /home/tchen1/workshop/datasets/meme/benchmark_extracted/84297_qa/84297_ToxicityAssessment_qa_694cf1d3.jsonld
[FINISH]  /home/tchen1/workshop/datasets/meme/benchmark_extracted/82406_qa/82406_ToxicityAssessment_qa_affc3de5.jsonld
[FINISH]  /home/tchen1/workshop/datasets/meme/benchmark_extracted/86023_qa/86023_ToxicityAssessment_qa_49b84773.jsonld
[FINISH]  /home/tchen1/workshop/datasets/meme/benchmark_extracted/70319_qa/70319_ToxicityAssessment_qa_802847f3.jsonld
[FINISH]  /home/tchen1/workshop/datasets/meme/benchmark_extracted/23071_qa/23071_ToxicityAssessment_qa_ff46908e.jsonld
[FINISH]  /home/tchen1/workshop/datasets/meme/benchmark_extracted/23071_qa/23071_BackgroundKnowledge_qa_a793b60c.jsonld
[FINISH]  /home/tchen1/workshop/datasets/meme/benchmark_extracted/62413_qa/62413_ToxicityAssessment_qa_607d4ef7.jsonld
[FINISH]  /home/tchen1/workshop/datasets/meme/benchmark_extracted/90342_qa/90342_ToxicityAssessment_qa_143db95c.jsonld
[FINISH]  /home/tchen1/workshop/datasets/meme/benchmark_extracted/03789_qa/03789_Scene_qa_9cd23841.jsonld
[FINISH]  /home/tchen1/workshop/datasets/meme/benchmark_extracted/03789_qa/03789_ToxicityAssessment_qa_ab9b5a41.jsonld
[FINISH]  /home/tchen1/workshop/datasets/meme/benchmark_extracted/92157_qa/92157_ToxicityAssessment_qa_d899809e.jsonld
[FINISH]  /home/tchen1/workshop/datasets/meme/benchmark_extracted/26185_qa/26185_ToxicityAssessment_qa_1f20a916.jsonld
[FINISH]  /home/tchen1/workshop/datasets/meme/benchmark_extracted/47985_qa/47985_ToxicityAssessment_qa_f471c636.jsonld
[FINISH]  /home/tchen1/workshop/datasets/meme/benchmark_extracted/84653_qa/84653_ToxicityAssessment_qa_686842ae.jsonld
[FINISH]  /home/tchen1/workshop/datasets/meme/benchmark_extracted/27384_qa/27384_ToxicityAssessment_qa_95df17bb.jsonld
[FINISH]  /home/tchen1/workshop/datasets/meme/benchmark_extracted/86072_qa/86072_ToxicityAssessment_qa_57753689.jsonld
[FINISH]  /home/tchen1/workshop/datasets/meme/benchmark_extracted/97142_qa/97142_ToxicityAssessment_qa_b15dfd41.jsonld
[FINISH]  /home/tchen1/workshop/datasets/meme/benchmark_extracted/07254_qa/07254_ToxicityAssessment_qa_c0f9771e.jsonld
[FINISH]  /home/tchen1/workshop/datasets/meme/benchmark_extracted/07254_qa/07254_VisualMaterial_qa_34fe5c2b.jsonld
[FINISH]  /home/tchen1/workshop/datasets/meme/benchmark_extracted/71938_qa/71938_ToxicityAssessment_qa_3311357a.jsonld
[FINISH]  /home/tchen1/workshop/datasets/meme/benchmark_extracted/28197_qa/28197_ToxicityAssessment_qa_7f7c2537.jsonld
[FINISH]  /home/tchen1/workshop/datasets/meme/benchmark_extracted/05398_qa/05398_ToxicityAssessment_qa_72834574.jsonld
[FINISH]  /home/tchen1/workshop/datasets/meme/benchmark_extracted/05398_qa/05398_TextualMaterial_qa_379c0dfd.jsonld
[FINISH]  /home/tchen1/workshop/datasets/meme/benchmark_extracted/52168_qa/52168_ToxicityAssessment_qa_b5f462eb.jsonld
[FINISH]  /home/tchen1/workshop/datasets/meme/benchmark_extracted/57918_qa/57918_ToxicityAssessment_qa_636e79c4.jsonld
[FINISH]  /home/tchen1/workshop/datasets/meme/benchmark_extracted/49635_qa/49635_ToxicityAssessment_qa_53483995.jsonld
[FINISH]  /home/tchen1/workshop/datasets/meme/benchmark_extracted/71823_qa/71823_ToxicityAssessment_qa_0e8a0150.jsonld
[FINISH]  /home/tchen1/workshop/datasets/meme/benchmark_extracted/49861_qa/49861_ToxicityAssessment_qa_e469fffc.jsonld
[FINISH]  /home/tchen1/workshop/datasets/meme/benchmark_extracted/27548_qa/27548_ToxicityAssessment_qa_e383bfd1.jsonld
[FINISH]  /home/tchen1/workshop/datasets/meme/benchmark_extracted/03254_qa/03254_BackgroundKnowledge_qa_b930ad4f.jsonld
[FINISH]  /home/tchen1/workshop/datasets/meme/benchmark_extracted/03254_qa/03254_ToxicityAssessment_qa_7a45454a.jsonld
[FINISH]  /home/tchen1/workshop/datasets/meme/benchmark_extracted/01382_qa/01382_ToxicityAssessment_qa_04ff88ce.jsonld
[FINISH]  /home/tchen1/workshop/datasets/meme/benchmark_extracted/40539_qa/40539_ToxicityAssessment_qa_80f5f86c.jsonld
[FINISH]  /home/tchen1/workshop/datasets/meme/benchmark_extracted/79328_qa/79328_ToxicityAssessment_qa_a0470450.jsonld
[FINISH]  /home/tchen1/workshop/datasets/meme/benchmark_extracted/81602_qa/81602_ToxicityAssessment_qa_e40eb115.jsonld
[FINISH]  /home/tchen1/workshop/datasets/meme/benchmark_extracted/16502_qa/16502_ToxicityAssessment_qa_c6ee159a.jsonld
[FINISH]  /home/tchen1/workshop/datasets/meme/benchmark_extracted/05482_qa/05482_ToxicityAssessment_qa_1f80304d.jsonld
[FINISH]  /home/tchen1/workshop/datasets/meme/benchmark_extracted/05482_qa/05482_TextualMaterial_qa_b1d8195b.jsonld
[FINISH]  /home/tchen1/workshop/datasets/meme/benchmark_extracted/48069_qa/48069_ToxicityAssessment_qa_60f3deea.jsonld
[FINISH]  /home/tchen1/workshop/datasets/meme/benchmark_extracted/37601_qa/37601_ToxicityAssessment_qa_de2b1997.jsonld
[FINISH]  /home/tchen1/workshop/datasets/meme/benchmark_extracted/52681_qa/52681_ToxicityAssessment_qa_50b8730a.jsonld
[FINISH]  /home/tchen1/workshop/datasets/meme/benchmark_extracted/82674_qa/82674_ToxicityAssessment_qa_1bdcf4fc.jsonld
[FINISH]  /home/tchen1/workshop/datasets/meme/benchmark_extracted/05846_qa/05846_VisualMaterial_qa_54aca99e.jsonld
[FINISH]  /home/tchen1/workshop/datasets/meme/benchmark_extracted/05846_qa/05846_ToxicityAssessment_qa_456a5fc1.jsonld
[FINISH]  /home/tchen1/workshop/datasets/meme/benchmark_extracted/89275_qa/89275_ToxicityAssessment_qa_53463733.jsonld
[FINISH]  /home/tchen1/workshop/datasets/meme/benchmark_extracted/50289_qa/50289_ToxicityAssessment_qa_bbcef821.jsonld
[FINISH]  /home/tchen1/workshop/datasets/meme/benchmark_extracted/17598_qa/17598_TextualMaterial_qa_529af30b.jsonld
[FINISH]  /home/tchen1/workshop/datasets/meme/benchmark_extracted/17598_qa/17598_ToxicityAssessment_qa_0f9e64a6.jsonld
[FINISH]  /home/tchen1/workshop/datasets/meme/benchmark_extracted/38752_qa/38752_ToxicityAssessment_qa_3d521fdd.jsonld
[FINISH]  /home/tchen1/workshop/datasets/meme/benchmark_extracted/78409_qa/78409_ToxicityAssessment_qa_b27dcadd.jsonld
[FINISH]  /home/tchen1/workshop/datasets/meme/benchmark_extracted/47123_qa/47123_ToxicityAssessment_qa_b47147cf.jsonld
[FINISH]  /home/tchen1/workshop/datasets/meme/benchmark_extracted/28436_qa/28436_ToxicityAssessment_qa_81cb1663.jsonld
[FINISH]  /home/tchen1/workshop/datasets/meme/benchmark_extracted/46850_qa/46850_ToxicityAssessment_qa_547ba234.jsonld
[FINISH]  /home/tchen1/workshop/datasets/meme/benchmark_extracted/81079_qa/81079_ToxicityAssessment_qa_d4ae6a02.jsonld
[FINISH]  /home/tchen1/workshop/datasets/meme/benchmark_extracted/36924_qa/36924_ToxicityAssessment_qa_c57aa4e4.jsonld
[FINISH]  /home/tchen1/workshop/datasets/meme/benchmark_extracted/40561_qa/40561_ToxicityAssessment_qa_31558cc1.jsonld
[FINISH]  /home/tchen1/workshop/datasets/meme/benchmark_extracted/87409_qa/87409_ToxicityAssessment_qa_8c35295f.jsonld
[FINISH]  /home/tchen1/workshop/datasets/meme/benchmark_extracted/47618_qa/47618_ToxicityAssessment_qa_29a77167.jsonld
[FINISH]  /home/tchen1/workshop/datasets/meme/benchmark_extracted/96784_qa/96784_ToxicityAssessment_qa_8f40f679.jsonld
[FINISH]  /home/tchen1/workshop/datasets/meme/benchmark_extracted/36741_qa/36741_ToxicityAssessment_qa_93fc95a8.jsonld
[FINISH]  /home/tchen1/workshop/datasets/meme/benchmark_extracted/90236_qa/90236_ToxicityAssessment_qa_540c8833.jsonld
[FINISH]  /home/tchen1/workshop/datasets/meme/benchmark_extracted/76348_qa/76348_ToxicityAssessment_qa_70914794.jsonld
[FINISH]  /home/tchen1/workshop/datasets/meme/benchmark_extracted/05429_qa/05429_ToxicityAssessment_qa_6f85054e.jsonld
[FINISH]  /home/tchen1/workshop/datasets/meme/benchmark_extracted/05429_qa/05429_VisualMaterial_qa_03b3cfc3.jsonld
[FINISH]  /home/tchen1/workshop/datasets/meme/benchmark_extracted/93524_qa/93524_ToxicityAssessment_qa_20161f07.jsonld
[FINISH]  /home/tchen1/workshop/datasets/meme/benchmark_extracted/14695_qa/14695_ToxicityAssessment_qa_91e243ae.jsonld
[FINISH]  /home/tchen1/workshop/datasets/meme/benchmark_extracted/13450_qa/13450_ToxicityAssessment_qa_614c767c.jsonld
[FINISH]  /home/tchen1/workshop/datasets/meme/benchmark_extracted/57319_qa/57319_ToxicityAssessment_qa_0905861c.jsonld
[FINISH]  /home/tchen1/workshop/datasets/meme/benchmark_extracted/93578_qa/93578_ToxicityAssessment_qa_74fe3a0d.jsonld
[FINISH]  /home/tchen1/workshop/datasets/meme/benchmark_extracted/10547_qa/10547_ToxicityAssessment_qa_808ea0f7.jsonld
[FINISH]  /home/tchen1/workshop/datasets/meme/benchmark_extracted/47863_qa/47863_ToxicityAssessment_qa_fc9de5ae.jsonld
[FINISH]  /home/tchen1/workshop/datasets/meme/benchmark_extracted/13970_qa/13970_ToxicityAssessment_qa_e6fd0d95.jsonld
[FINISH]  /home/tchen1/workshop/datasets/meme/benchmark_extracted/13970_qa/13970_TextualMaterial_qa_ad019a44.jsonld
[FINISH]  /home/tchen1/workshop/datasets/meme/benchmark_extracted/36985_qa/36985_ToxicityAssessment_qa_0283d048.jsonld
[FINISH]  /home/tchen1/workshop/datasets/meme/benchmark_extracted/48315_qa/48315_ToxicityAssessment_qa_1dcf752d.jsonld
[FINISH]  /home/tchen1/workshop/datasets/meme/benchmark_extracted/09285_qa/09285_VisualMaterial_qa_b1fc471c.jsonld
[FINISH]  /home/tchen1/workshop/datasets/meme/benchmark_extracted/09285_qa/09285_ToxicityAssessment_qa_fd3fedc4.jsonld
[FINISH]  /home/tchen1/workshop/datasets/meme/benchmark_extracted/38509_qa/38509_ToxicityAssessment_qa_b734379b.jsonld
[FINISH]  /home/tchen1/workshop/datasets/meme/benchmark_extracted/95176_qa/95176_ToxicityAssessment_qa_250085d6.jsonld
[FINISH]  /home/tchen1/workshop/datasets/meme/benchmark_extracted/01492_qa/01492_ToxicityAssessment_qa_0597612a.jsonld
[FINISH]  /home/tchen1/workshop/datasets/meme/benchmark_extracted/65073_qa/65073_ToxicityAssessment_qa_b08fabba.jsonld
[FINISH]  /home/tchen1/workshop/datasets/meme/benchmark_extracted/86307_qa/86307_ToxicityAssessment_qa_5de96089.jsonld
[FINISH]  /home/tchen1/workshop/datasets/meme/benchmark_extracted/80613_qa/80613_ToxicityAssessment_qa_10c66ceb.jsonld
[FINISH]  /home/tchen1/workshop/datasets/meme/benchmark_extracted/07258_qa/07258_OverallIntent_qa_61e8621e.jsonld
[FINISH]  /home/tchen1/workshop/datasets/meme/benchmark_extracted/07258_qa/07258_ToxicityAssessment_qa_c79cbc3c.jsonld
[FINISH]  /home/tchen1/workshop/datasets/meme/benchmark_extracted/40563_qa/40563_ToxicityAssessment_qa_0f9e1c45.jsonld
[FINISH]  /home/tchen1/workshop/datasets/meme/benchmark_extracted/07853_qa/07853_ToxicityAssessment_qa_deb65656.jsonld
[FINISH]  /home/tchen1/workshop/datasets/meme/benchmark_extracted/07853_qa/07853_BackgroundKnowledge_qa_d9959d50.jsonld
[FINISH]  /home/tchen1/workshop/datasets/meme/benchmark_extracted/01936_qa/01936_ToxicityAssessment_qa_f961fa38.jsonld
[FINISH]  /home/tchen1/workshop/datasets/meme/benchmark_extracted/01936_qa/01936_VisualMaterial_qa_298b426e.jsonld
[FINISH]  /home/tchen1/workshop/datasets/meme/benchmark_extracted/47950_qa/47950_ToxicityAssessment_qa_e502f77c.jsonld
[FINISH]  /home/tchen1/workshop/datasets/meme/benchmark_extracted/84152_qa/84152_ToxicityAssessment_qa_d5588741.jsonld
[FINISH]  /home/tchen1/workshop/datasets/meme/benchmark_extracted/13726_qa/13726_OverallIntent_qa_bac6bc35.jsonld
[FINISH]  /home/tchen1/workshop/datasets/meme/benchmark_extracted/13726_qa/13726_ToxicityAssessment_qa_9ebe5c4d.jsonld
[FINISH]  /home/tchen1/workshop/datasets/meme/benchmark_extracted/61904_qa/61904_ToxicityAssessment_qa_0461a4d0.jsonld
[FINISH]  /home/tchen1/workshop/datasets/meme/benchmark_extracted/12754_qa/12754_ToxicityAssessment_qa_f852a567.jsonld
[FINISH]  /home/tchen1/workshop/datasets/meme/benchmark_extracted/38251_qa/38251_ToxicityAssessment_qa_c65e8fbd.jsonld
[FINISH]  /home/tchen1/workshop/datasets/meme/benchmark_extracted/86175_qa/86175_ToxicityAssessment_qa_40e8c63f.jsonld
[FINISH]  /home/tchen1/workshop/datasets/meme/benchmark_extracted/93521_qa/93521_ToxicityAssessment_qa_331805db.jsonld
[FINISH]  /home/tchen1/workshop/datasets/meme/benchmark_extracted/51387_qa/51387_ToxicityAssessment_qa_4a55abcf.jsonld
[FINISH]  /home/tchen1/workshop/datasets/meme/benchmark_extracted/83216_qa/83216_ToxicityAssessment_qa_c841fefc.jsonld
[FINISH]  /home/tchen1/workshop/datasets/meme/benchmark_extracted/98235_qa/98235_ToxicityAssessment_qa_d94a0ef4.jsonld
